<?xml version="1.0" encoding="UTF-8"?>
<testsuite name="ServiceTest" tests="4" skipped="0" failures="0" errors="0" timestamp="2024-06-05T09:41:56" hostname="einfolearning" time="0.019">
  <properties/>
  <testcase name="testAjouter()" classname="ServiceTest" time="0.007"/>
  <testcase name="testPrix()" classname="ServiceTest" time="0.0"/>
  <testcase name="ajouter()" classname="ServiceTest" time="0.009"/>
  <testcase name="prix()" classname="ServiceTest" time="0.0"/>
  <system-out><![CDATA[ajout0
ajout1
ajout2
ajout3
ajout4
Service{voitures=[Voiture{marque='Volkswagen', prix=100.0}, Voiture{marque='Volkswagen', prix=100.0}, Voiture{marque='Volkswagen', prix=100.0}, Voiture{marque='Volkswagen', prix=100.0}, Voiture{marque='Volkswagen', prix=100.0}]}
0 0
0
100 1
1
200 2
2
300 3
3
400 4
4
480
]]></system-out>
  <system-err><![CDATA[]]></system-err>
</testsuite>
