<?xml version="1.0" encoding="UTF-8"?>
<testsuite name="VoitureTest" tests="5" skipped="0" failures="0" errors="0" timestamp="2024-06-05T09:08:37" hostname="einfolearning" time="0.017">
  <properties/>
  <testcase name="when_getmarque_should_return_correct_marque()" classname="VoitureTest" time="0.008"/>
  <testcase name="testToString()" classname="VoitureTest" time="0.005"/>
  <testcase name="setMarque()" classname="VoitureTest" time="0.001"/>
  <testcase name="when_getprix_should_return_correct_price()" classname="VoitureTest" time="0.002"/>
  <testcase name="setPrix()" classname="VoitureTest" time="0.0"/>
  <system-out><![CDATA[]]></system-out>
  <system-err><![CDATA[]]></system-err>
</testsuite>
